==28821== Memcheck, a memory error detector
==28821== Copyright (C) 2002-2017, and GNU GPL'd, by Julian Seward et al.
==28821== Using Valgrind-3.17.0 and LibVEX; rerun with -h for copyright info
==28821== Command: oc 11-numbers.oc
==28821== 
==28821== 
==28821== HEAP SUMMARY:
==28821==     in use at exit: 6,482 bytes in 102 blocks
==28821==   total heap usage: 340 allocs, 238 frees, 38,674 bytes allocated
==28821== 
==28821== LEAK SUMMARY:
==28821==    definitely lost: 6,418 bytes in 101 blocks
==28821==    indirectly lost: 0 bytes in 0 blocks
==28821==      possibly lost: 0 bytes in 0 blocks
==28821==    still reachable: 64 bytes in 1 blocks
==28821==         suppressed: 0 bytes in 0 blocks
==28821== Rerun with --leak-check=full to see details of leaked memory
==28821== 
==28821== For lists of detected and suppressed errors, rerun with: -s
==28821== ERROR SUMMARY: 0 errors from 0 contexts (suppressed: 0 from 0)
