96-unterminated.oc:6:15: warning: missing terminating " character [enabled by default]
    string s = "abc;
               ^
96-unterminated.oc:7:13: warning: missing terminating ' character [enabled by default]
    char c = 'a;
             ^
96-unterminated.oc:8:8: warning: missing terminating " character [enabled by default]
    s = "abcd\";
        ^
96-unterminated.oc:9:8: warning: missing terminating " character [enabled by default]
    s = "abc|\
        ^
oc: 96-unterminated.oc:5:15: : invalid source character (")
oc: 96-unterminated.oc:5:16: : invalid source character (\)
oc: 96-unterminated.oc:5:19: : invalid source character (")
oc: 96-unterminated.oc:6:15: : invalid source character (")
oc: 96-unterminated.oc:7:13: : invalid source character (')
oc: 96-unterminated.oc:8:8: : invalid source character (")
oc: 96-unterminated.oc:8:13: : invalid source character (\)
oc: 96-unterminated.oc:8:14: : invalid source character (")
oc: 96-unterminated.oc:9:8: : invalid source character (")
oc: 96-unterminated.oc:9:12: : invalid source character (|)
oc: 96-unterminated.oc:11:8: : invalid token (23foobar)
