==7584== Memcheck, a memory error detector
==7584== Copyright (C) 2002-2017, and GNU GPL'd, by Julian Seward et al.
==7584== Using Valgrind-3.17.0 and LibVEX; rerun with -h for copyright info
==7584== Command: oc 11-numbers.oc
==7584== 
==7584== 
==7584== HEAP SUMMARY:
==7584==     in use at exit: 33 bytes in 2 blocks
==7584==   total heap usage: 485 allocs, 483 frees, 51,039 bytes allocated
==7584== 
==7584== LEAK SUMMARY:
==7584==    definitely lost: 33 bytes in 2 blocks
==7584==    indirectly lost: 0 bytes in 0 blocks
==7584==      possibly lost: 0 bytes in 0 blocks
==7584==    still reachable: 0 bytes in 0 blocks
==7584==         suppressed: 0 bytes in 0 blocks
==7584== Rerun with --leak-check=full to see details of leaked memory
==7584== 
==7584== For lists of detected and suppressed errors, rerun with: -s
==7584== ERROR SUMMARY: 0 errors from 0 contexts (suppressed: 0 from 0)
